0 info it worked if it ends with ok
1 verbose cli [ '/usr/bin/node', '/usr/bin/npm', 'start' ]
2 info using npm@3.10.10
3 info using node@v6.11.1
4 verbose run-script [ 'prestart', 'start', 'poststart' ]
5 info lifecycle todo-list-back@1.0.0~prestart: todo-list-back@1.0.0
6 silly lifecycle todo-list-back@1.0.0~prestart: no script for prestart, continuing
7 info lifecycle todo-list-back@1.0.0~start: todo-list-back@1.0.0
8 verbose lifecycle todo-list-back@1.0.0~start: unsafe-perm in lifecycle true
9 verbose lifecycle todo-list-back@1.0.0~start: PATH: /usr/lib/node_modules/npm/bin/node-gyp-bin:/home/diogosalmeida/Documentos/Projects/todo-list-back/node_modules/.bin:/usr/lib64/qt-3.3/bin:/usr/local/bin:/usr/local/sbin:/usr/bin:/usr/sbin:/home/diogosalmeida/bin:/home/diogosalmeida/bin
10 verbose lifecycle todo-list-back@1.0.0~start: CWD: /home/diogosalmeida/Documentos/Projects/todo-list-back
11 silly lifecycle todo-list-back@1.0.0~start: Args: [ '-c', 'nodemon app.js' ]
12 info lifecycle todo-list-back@1.0.0~start: Failed to exec start script
13 verbose stack Error: todo-list-back@1.0.0 start: `nodemon app.js`
13 verbose stack spawn ENOENT
13 verbose stack     at ChildProcess.<anonymous> (/usr/lib/node_modules/npm/lib/utils/spawn.js:33:16)
13 verbose stack     at emitTwo (events.js:106:13)
13 verbose stack     at ChildProcess.emit (events.js:191:7)
13 verbose stack     at maybeClose (internal/child_process.js:891:16)
13 verbose stack     at Process.ChildProcess._handle.onexit (internal/child_process.js:226:5)
14 verbose pkgid todo-list-back@1.0.0
15 verbose cwd /home/diogosalmeida/Documentos/Projects/todo-list-back
16 error Linux 4.11.11-300.fc26.x86_64
17 error argv "/usr/bin/node" "/usr/bin/npm" "start"
18 error node v6.11.1
19 error npm  v3.10.10
20 error file sh
21 error code ELIFECYCLE
22 error errno ENOENT
23 error syscall spawn
24 error todo-list-back@1.0.0 start: `nodemon app.js`
24 error spawn ENOENT
25 error Failed at the todo-list-back@1.0.0 start script 'nodemon app.js'.
25 error Make sure you have the latest version of node.js and npm installed.
25 error If you do, this is most likely a problem with the todo-list-back package,
25 error not with npm itself.
25 error Tell the author that this fails on your system:
25 error     nodemon app.js
25 error You can get information on how to open an issue for this project with:
25 error     npm bugs todo-list-back
25 error Or if that isn't available, you can get their info via:
25 error     npm owner ls todo-list-back
25 error There is likely additional logging output above.
26 verbose exit [ 1, true ]
